<?xml version="1.0" encoding="UTF-8"?>
<!-- Generated by org.testng.reporters.JUnitReportReporter -->
<testsuite hostname="LAPTOP-NN9I6P92" failures="0" tests="5" name="Test.helperAtrribute" time="0.031" errors="0" timestamp="2022-09-23T17:03:27 IST" skipped="0">
  <testcase classname="Test.helperAtrribute" name="method2" time="0.017"/>
  <system-out/>
  <testcase classname="Test.helperAtrribute" name="xyzmethod" time="0.004"/>
  <system-out/>
  <testcase classname="Test.helperAtrribute" name="demomethode" time="0.004"/>
  <system-out/>
  <testcase classname="Test.helperAtrribute" name="samplemethode" time="0.003"/>
  <system-out/>
  <testcase classname="Test.helperAtrribute" name="method1" time="0.003"/>
  <system-out/>
</testsuite> <!-- Test.helperAtrribute -->
