<?xml version="1.0" encoding="UTF-8"?>
<!-- Generated by org.testng.reporters.JUnitReportReporter -->
<testsuite hostname="LAPTOP-NN9I6P92" failures="0" tests="1" name="newpack.Listener" time="6.881" errors="0" timestamp="2022-09-20T23:07:00 IST" skipped="0">
  <testcase classname="newpack.Listener" name="takescreenshot" time="6.881"/>
  <system-out/>
</testsuite> <!-- newpack.Listener -->
